<?xml version="1.0" encoding="UTF-8"?>
<testsuite xmlns:xsi="http://www.w3.org/2001/XMLSchema-instance" xsi:noNamespaceSchemaLocation="https://maven.apache.org/surefire/maven-surefire-plugin/xsd/surefire-test-report.xsd" name="AIDSTest" time="0.089" tests="6" errors="0" skipped="0" failures="0">
  <properties>
[...]
</properties>
  <testcase name="testFindDeathsByYear" classname="AIDSTest" time="0.015"/>
  <testcase name="testFindDeathsByCountry" classname="AIDSTest" time="0.004"/>
  <testcase name="testAverageDeathsPerYear" classname="AIDSTest" time="0.01"/>
  <testcase name="testFindDeathsInYearRange" classname="AIDSTest" time="0.007"/>
  <testcase name="testEdgeCases" classname="AIDSTest" time="0.01"/>
  <testcase name="testFindDeathsByDeathType" classname="AIDSTest" time="0.028"/>
</testsuite>